2014-04-02 12:26:29.235 Sales[3812:a0b] Multi-tasking -> Device: YES, App: YES
2014-04-02 12:26:29.272 Sales[3812:a0b] Unlimited access to network resources
2014-04-02 12:26:29.569 Sales[3812:a0b] Resetting plugins due to page load.
2014-04-02 12:26:29.668 Sales[3812:a0b] Finished load of: file:///Users/admin/Library/Application%20Support/iPhone%20Simulator/7.0.3/Applications/846DCE58-D531-450E-BD9C-C688BF486EBD/Sales.app/www/index.html
2014-04-02 15:51:05.112 Sales[9787:a0b] Multi-tasking -> Device: YES, App: YES
2014-04-02 15:51:05.176 Sales[9787:a0b] Unlimited access to network resources
2014-04-02 15:51:05.445 Sales[9787:a0b] Resetting plugins due to page load.
2014-04-02 15:51:05.512 Sales[9787:a0b] Finished load of: file:///Users/admin/Library/Application%20Support/iPhone%20Simulator/7.0.3/Applications/846DCE58-D531-450E-BD9C-C688BF486EBD/Sales.app/www/index.html
2014-04-03 11:04:20.957 Sales[15156:a0b] Multi-tasking -> Device: YES, App: YES
2014-04-03 11:04:21.031 Sales[15156:a0b] Unlimited access to network resources
2014-04-03 11:04:21.226 Sales[15156:a0b] [CDVTimer][nativetransitions] 0.045002ms
2014-04-03 11:04:21.226 Sales[15156:a0b] [CDVTimer][TotalPluginStartup] 0.535011ms
2014-04-03 11:04:21.378 Sales[15156:a0b] Resetting plugins due to page load.
2014-04-03 11:04:21.442 Sales[15156:a0b] Finished load of: file:///Users/admin/Library/Application%20Support/iPhone%20Simulator/7.0.3/Applications/846DCE58-D531-450E-BD9C-C688BF486EBD/Sales.app/www/index.html
2014-04-03 11:05:31.881 Sales[15272:a0b] Multi-tasking -> Device: YES, App: YES
2014-04-03 11:05:31.887 Sales[15272:a0b] Unlimited access to network resources
2014-04-03 11:05:31.902 Sales[15272:a0b] [CDVTimer][nativetransitions] 0.039995ms
2014-04-03 11:05:31.903 Sales[15272:a0b] [CDVTimer][TotalPluginStartup] 0.621974ms
2014-04-03 11:05:31.933 Sales[15272:a0b] Resetting plugins due to page load.
2014-04-03 11:05:31.952 Sales[15272:a0b] Finished load of: file:///Users/admin/Library/Application%20Support/iPhone%20Simulator/7.0.3/Applications/846DCE58-D531-450E-BD9C-C688BF486EBD/Sales.app/www/index.html
2014-04-03 11:06:14.496 Sales[15361:a0b] Multi-tasking -> Device: YES, App: YES
2014-04-03 11:06:14.502 Sales[15361:a0b] Unlimited access to network resources
2014-04-03 11:06:14.516 Sales[15361:a0b] [CDVTimer][nativetransitions] 0.039995ms
2014-04-03 11:06:14.517 Sales[15361:a0b] [CDVTimer][TotalPluginStartup] 0.607014ms
2014-04-03 11:06:14.546 Sales[15361:a0b] Resetting plugins due to page load.
2014-04-03 11:06:14.668 Sales[15361:a0b] Finished load of: file:///Users/admin/Library/Application%20Support/iPhone%20Simulator/7.0.3/Applications/846DCE58-D531-450E-BD9C-C688BF486EBD/Sales.app/www/index.html
2014-04-03 11:06:29.468 Sales[15445:a0b] Multi-tasking -> Device: YES, App: YES
2014-04-03 11:06:29.474 Sales[15445:a0b] Unlimited access to network resources
2014-04-03 11:06:29.488 Sales[15445:a0b] [CDVTimer][nativetransitions] 0.039995ms
2014-04-03 11:06:29.488 Sales[15445:a0b] [CDVTimer][TotalPluginStartup] 0.513017ms
2014-04-03 11:06:29.568 Sales[15445:a0b] Resetting plugins due to page load.
2014-04-03 11:06:29.611 Sales[15445:a0b] Finished load of: file:///Users/admin/Library/Application%20Support/iPhone%20Simulator/7.0.3/Applications/846DCE58-D531-450E-BD9C-C688BF486EBD/Sales.app/www/index.html
2014-04-03 11:10:58.977 Sales[15629:a0b] Multi-tasking -> Device: YES, App: YES
2014-04-03 11:10:58.983 Sales[15629:a0b] Unlimited access to network resources
2014-04-03 11:10:58.998 Sales[15629:a0b] [CDVTimer][nativetransitions] 0.052989ms
2014-04-03 11:10:58.998 Sales[15629:a0b] [CDVTimer][TotalPluginStartup] 0.514984ms
2014-04-03 11:10:59.029 Sales[15629:a0b] Resetting plugins due to page load.
2014-04-03 11:10:59.071 Sales[15629:a0b] Finished load of: file:///Users/admin/Library/Application%20Support/iPhone%20Simulator/7.0.3/Applications/846DCE58-D531-450E-BD9C-C688BF486EBD/Sales.app/www/index.html
2014-04-03 11:11:10.988 Sales[15708:a0b] Multi-tasking -> Device: YES, App: YES
2014-04-03 11:11:10.994 Sales[15708:a0b] Unlimited access to network resources
2014-04-03 11:11:11.009 Sales[15708:a0b] [CDVTimer][nativetransitions] 0.039041ms
2014-04-03 11:11:11.010 Sales[15708:a0b] [CDVTimer][TotalPluginStartup] 0.611961ms
2014-04-03 11:11:11.087 Sales[15708:a0b] Resetting plugins due to page load.
2014-04-03 11:11:11.131 Sales[15708:a0b] Finished load of: file:///Users/admin/Library/Application%20Support/iPhone%20Simulator/7.0.3/Applications/846DCE58-D531-450E-BD9C-C688BF486EBD/Sales.app/www/index.html
2014-04-03 11:13:35.439 Sales[15845:a0b] Multi-tasking -> Device: YES, App: YES
2014-04-03 11:13:35.445 Sales[15845:a0b] Unlimited access to network resources
2014-04-03 11:13:35.460 Sales[15845:a0b] [CDVTimer][nativetransitions] 0.039995ms
2014-04-03 11:13:35.460 Sales[15845:a0b] [CDVTimer][TotalPluginStartup] 0.532031ms
2014-04-03 11:13:35.491 Sales[15845:a0b] Resetting plugins due to page load.
2014-04-03 11:13:35.532 Sales[15845:a0b] Finished load of: file:///Users/admin/Library/Application%20Support/iPhone%20Simulator/7.0.3/Applications/846DCE58-D531-450E-BD9C-C688BF486EBD/Sales.app/www/index.html
2014-04-03 11:13:41.073 Sales[15922:a0b] Multi-tasking -> Device: YES, App: YES
2014-04-03 11:13:41.079 Sales[15922:a0b] Unlimited access to network resources
2014-04-03 11:13:41.096 Sales[15922:a0b] [CDVTimer][nativetransitions] 0.038028ms
2014-04-03 11:13:41.096 Sales[15922:a0b] [CDVTimer][TotalPluginStartup] 0.562012ms
2014-04-03 11:13:41.313 Sales[15922:a0b] Resetting plugins due to page load.
2014-04-03 11:13:41.357 Sales[15922:a0b] Finished load of: file:///Users/admin/Library/Application%20Support/iPhone%20Simulator/7.0.3/Applications/846DCE58-D531-450E-BD9C-C688BF486EBD/Sales.app/www/index.html
2014-04-03 11:14:03.144 Sales[16003:a0b] Multi-tasking -> Device: YES, App: YES
2014-04-03 11:14:03.151 Sales[16003:a0b] Unlimited access to network resources
2014-04-03 11:14:03.165 Sales[16003:a0b] [CDVTimer][nativetransitions] 0.040948ms
2014-04-03 11:14:03.166 Sales[16003:a0b] [CDVTimer][TotalPluginStartup] 0.665009ms
2014-04-03 11:14:03.196 Sales[16003:a0b] Resetting plugins due to page load.
2014-04-03 11:14:03.237 Sales[16003:a0b] Finished load of: file:///Users/admin/Library/Application%20Support/iPhone%20Simulator/7.0.3/Applications/846DCE58-D531-450E-BD9C-C688BF486EBD/Sales.app/www/index.html
2014-04-03 11:14:10.655 Sales[16080:a0b] Multi-tasking -> Device: YES, App: YES
2014-04-03 11:14:10.661 Sales[16080:a0b] Unlimited access to network resources
2014-04-03 11:14:10.676 Sales[16080:a0b] [CDVTimer][nativetransitions] 0.042021ms
2014-04-03 11:14:10.676 Sales[16080:a0b] [CDVTimer][TotalPluginStartup] 0.653028ms
2014-04-03 11:14:10.751 Sales[16080:a0b] Resetting plugins due to page load.
2014-04-03 11:14:10.794 Sales[16080:a0b] Finished load of: file:///Users/admin/Library/Application%20Support/iPhone%20Simulator/7.0.3/Applications/846DCE58-D531-450E-BD9C-C688BF486EBD/Sales.app/www/index.html
2014-04-03 11:16:28.993 Sales[16212:a0b] Multi-tasking -> Device: YES, App: YES
2014-04-03 11:16:28.999 Sales[16212:a0b] Unlimited access to network resources
2014-04-03 11:16:29.014 Sales[16212:a0b] [CDVTimer][nativetransitions] 0.041008ms
2014-04-03 11:16:29.014 Sales[16212:a0b] [CDVTimer][TotalPluginStartup] 0.488997ms
2014-04-03 11:16:29.045 Sales[16212:a0b] Resetting plugins due to page load.
2014-04-03 11:16:29.088 Sales[16212:a0b] Finished load of: file:///Users/admin/Library/Application%20Support/iPhone%20Simulator/7.0.3/Applications/846DCE58-D531-450E-BD9C-C688BF486EBD/Sales.app/www/index.html
2014-04-03 11:16:33.617 Sales[16285:a0b] Multi-tasking -> Device: YES, App: YES
2014-04-03 11:16:33.623 Sales[16285:a0b] Unlimited access to network resources
2014-04-03 11:16:33.639 Sales[16285:a0b] [CDVTimer][nativetransitions] 0.041008ms
2014-04-03 11:16:33.639 Sales[16285:a0b] [CDVTimer][TotalPluginStartup] 0.678957ms
2014-04-03 11:16:33.707 Sales[16285:a0b] Resetting plugins due to page load.
2014-04-03 11:16:33.749 Sales[16285:a0b] Finished load of: file:///Users/admin/Library/Application%20Support/iPhone%20Simulator/7.0.3/Applications/846DCE58-D531-450E-BD9C-C688BF486EBD/Sales.app/www/index.html
2014-04-03 11:17:49.747 Sales[16396:a0b] Multi-tasking -> Device: YES, App: YES
2014-04-03 11:17:49.753 Sales[16396:a0b] Unlimited access to network resources
2014-04-03 11:17:49.768 Sales[16396:a0b] [CDVTimer][nativetransitions] 0.037968ms
2014-04-03 11:17:49.769 Sales[16396:a0b] [CDVTimer][TotalPluginStartup] 0.477016ms
2014-04-03 11:17:49.800 Sales[16396:a0b] Resetting plugins due to page load.
2014-04-03 11:17:49.847 Sales[16396:a0b] Finished load of: file:///Users/admin/Library/Application%20Support/iPhone%20Simulator/7.0.3/Applications/846DCE58-D531-450E-BD9C-C688BF486EBD/Sales.app/www/index.html
2014-04-03 11:17:58.811 Sales[16473:a0b] Multi-tasking -> Device: YES, App: YES
2014-04-03 11:17:58.817 Sales[16473:a0b] Unlimited access to network resources
2014-04-03 11:17:58.832 Sales[16473:a0b] [CDVTimer][nativetransitions] 0.038981ms
2014-04-03 11:17:58.832 Sales[16473:a0b] [CDVTimer][TotalPluginStartup] 0.652015ms
2014-04-03 11:17:58.909 Sales[16473:a0b] Resetting plugins due to page load.
2014-04-03 11:17:58.954 Sales[16473:a0b] Finished load of: file:///Users/admin/Library/Application%20Support/iPhone%20Simulator/7.0.3/Applications/846DCE58-D531-450E-BD9C-C688BF486EBD/Sales.app/www/index.html
2014-04-03 11:18:38.347 Sales[16562:a0b] Multi-tasking -> Device: YES, App: YES
2014-04-03 11:18:38.353 Sales[16562:a0b] Unlimited access to network resources
2014-04-03 11:18:38.368 Sales[16562:a0b] [CDVTimer][nativetransitions] 0.037968ms
2014-04-03 11:18:38.369 Sales[16562:a0b] [CDVTimer][TotalPluginStartup] 0.509024ms
2014-04-03 11:18:38.398 Sales[16562:a0b] Resetting plugins due to page load.
2014-04-03 11:18:38.444 Sales[16562:a0b] Finished load of: file:///Users/admin/Library/Application%20Support/iPhone%20Simulator/7.0.3/Applications/846DCE58-D531-450E-BD9C-C688BF486EBD/Sales.app/www/index.html
2014-04-03 11:18:46.459 Sales[16635:a0b] Multi-tasking -> Device: YES, App: YES
2014-04-03 11:18:46.465 Sales[16635:a0b] Unlimited access to network resources
2014-04-03 11:18:46.480 Sales[16635:a0b] [CDVTimer][nativetransitions] 0.045002ms
2014-04-03 11:18:46.481 Sales[16635:a0b] [CDVTimer][TotalPluginStartup] 0.657976ms
2014-04-03 11:18:46.556 Sales[16635:a0b] Resetting plugins due to page load.
2014-04-03 11:18:46.600 Sales[16635:a0b] Finished load of: file:///Users/admin/Library/Application%20Support/iPhone%20Simulator/7.0.3/Applications/846DCE58-D531-450E-BD9C-C688BF486EBD/Sales.app/www/index.html
2014-04-03 11:20:00.072 Sales[16742:a0b] Multi-tasking -> Device: YES, App: YES
2014-04-03 11:20:00.078 Sales[16742:a0b] Unlimited access to network resources
2014-04-03 11:20:00.093 Sales[16742:a0b] [CDVTimer][nativetransitions] 0.042021ms
2014-04-03 11:20:00.094 Sales[16742:a0b] [CDVTimer][TotalPluginStartup] 0.671029ms
2014-04-03 11:20:00.172 Sales[16742:a0b] Resetting plugins due to page load.
2014-04-03 11:20:00.214 Sales[16742:a0b] Finished load of: file:///Users/admin/Library/Application%20Support/iPhone%20Simulator/7.0.3/Applications/846DCE58-D531-450E-BD9C-C688BF486EBD/Sales.app/www/index.html
2014-04-03 11:21:57.155 Sales[16863:a0b] Multi-tasking -> Device: YES, App: YES
2014-04-03 11:21:57.161 Sales[16863:a0b] Unlimited access to network resources
2014-04-03 11:21:57.176 Sales[16863:a0b] [CDVTimer][nativetransitions] 0.039995ms
2014-04-03 11:21:57.176 Sales[16863:a0b] [CDVTimer][TotalPluginStartup] 0.437021ms
2014-04-03 11:21:57.255 Sales[16863:a0b] Resetting plugins due to page load.
2014-04-03 11:21:57.307 Sales[16863:a0b] Finished load of: file:///Users/admin/Library/Application%20Support/iPhone%20Simulator/7.0.3/Applications/846DCE58-D531-450E-BD9C-C688BF486EBD/Sales.app/www/index.html
2014-04-03 11:25:49.307 Sales[17040:a0b] Multi-tasking -> Device: YES, App: YES
2014-04-03 11:25:49.313 Sales[17040:a0b] Unlimited access to network resources
2014-04-03 11:25:49.327 Sales[17040:a0b] [CDVTimer][nativetransitions] 0.037014ms
2014-04-03 11:25:49.328 Sales[17040:a0b] [CDVTimer][TotalPluginStartup] 0.669956ms
2014-04-03 11:25:49.357 Sales[17040:a0b] Resetting plugins due to page load.
2014-04-03 11:25:49.399 Sales[17040:a0b] Finished load of: file:///Users/admin/Library/Application%20Support/iPhone%20Simulator/7.0.3/Applications/846DCE58-D531-450E-BD9C-C688BF486EBD/Sales.app/www/index.html
2014-04-03 11:25:54.971 Sales[17115:a0b] Multi-tasking -> Device: YES, App: YES
2014-04-03 11:25:54.977 Sales[17115:a0b] Unlimited access to network resources
2014-04-03 11:25:54.993 Sales[17115:a0b] [CDVTimer][nativetransitions] 0.043035ms
2014-04-03 11:25:54.993 Sales[17115:a0b] [CDVTimer][TotalPluginStartup] 0.482023ms
2014-04-03 11:25:55.069 Sales[17115:a0b] Resetting plugins due to page load.
2014-04-03 11:25:55.113 Sales[17115:a0b] Finished load of: file:///Users/admin/Library/Application%20Support/iPhone%20Simulator/7.0.3/Applications/846DCE58-D531-450E-BD9C-C688BF486EBD/Sales.app/www/index.html
2014-04-03 11:26:28.951 Sales[17204:a0b] Multi-tasking -> Device: YES, App: YES
2014-04-03 11:26:28.956 Sales[17204:a0b] Unlimited access to network resources
2014-04-03 11:26:28.971 Sales[17204:a0b] [CDVTimer][nativetransitions] 0.037014ms
2014-04-03 11:26:28.972 Sales[17204:a0b] [CDVTimer][TotalPluginStartup] 0.654995ms
2014-04-03 11:26:29.047 Sales[17204:a0b] Resetting plugins due to page load.
2014-04-03 11:26:29.091 Sales[17204:a0b] Finished load of: file:///Users/admin/Library/Application%20Support/iPhone%20Simulator/7.0.3/Applications/846DCE58-D531-450E-BD9C-C688BF486EBD/Sales.app/www/index.html
2014-04-03 11:27:04.918 Sales[17293:a0b] Multi-tasking -> Device: YES, App: YES
2014-04-03 11:27:04.924 Sales[17293:a0b] Unlimited access to network resources
2014-04-03 11:27:04.940 Sales[17293:a0b] [CDVTimer][nativetransitions] 0.041008ms
2014-04-03 11:27:04.940 Sales[17293:a0b] [CDVTimer][TotalPluginStartup] 0.563979ms
2014-04-03 11:27:05.018 Sales[17293:a0b] Resetting plugins due to page load.
2014-04-03 11:27:05.063 Sales[17293:a0b] Finished load of: file:///Users/admin/Library/Application%20Support/iPhone%20Simulator/7.0.3/Applications/846DCE58-D531-450E-BD9C-C688BF486EBD/Sales.app/www/index.html
2014-04-03 11:27:30.803 Sales[17380:a0b] Multi-tasking -> Device: YES, App: YES
2014-04-03 11:27:30.809 Sales[17380:a0b] Unlimited access to network resources
2014-04-03 11:27:30.824 Sales[17380:a0b] [CDVTimer][nativetransitions] 0.042021ms
2014-04-03 11:27:30.824 Sales[17380:a0b] [CDVTimer][TotalPluginStartup] 0.590980ms
2014-04-03 11:27:30.900 Sales[17380:a0b] Resetting plugins due to page load.
2014-04-03 11:27:33.992 Sales[17380:a0b] Finished load of: file:///Users/admin/Library/Application%20Support/iPhone%20Simulator/7.0.3/Applications/846DCE58-D531-450E-BD9C-C688BF486EBD/Sales.app/www/index.html
2014-04-03 11:28:06.704 Sales[17467:a0b] Multi-tasking -> Device: YES, App: YES
2014-04-03 11:28:06.710 Sales[17467:a0b] Unlimited access to network resources
2014-04-03 11:28:06.725 Sales[17467:a0b] [CDVTimer][nativetransitions] 0.043035ms
2014-04-03 11:28:06.726 Sales[17467:a0b] [CDVTimer][TotalPluginStartup] 0.653982ms
2014-04-03 11:28:06.755 Sales[17467:a0b] Resetting plugins due to page load.
2014-04-03 11:28:06.798 Sales[17467:a0b] Finished load of: file:///Users/admin/Library/Application%20Support/iPhone%20Simulator/7.0.3/Applications/846DCE58-D531-450E-BD9C-C688BF486EBD/Sales.app/www/index.html
2014-04-03 11:28:18.961 Sales[17550:a0b] Multi-tasking -> Device: YES, App: YES
2014-04-03 11:28:18.967 Sales[17550:a0b] Unlimited access to network resources
2014-04-03 11:28:18.982 Sales[17550:a0b] [CDVTimer][nativetransitions] 0.037968ms
2014-04-03 11:28:18.983 Sales[17550:a0b] [CDVTimer][TotalPluginStartup] 0.567019ms
2014-04-03 11:28:19.058 Sales[17550:a0b] Resetting plugins due to page load.
2014-04-03 11:28:19.103 Sales[17550:a0b] Finished load of: file:///Users/admin/Library/Application%20Support/iPhone%20Simulator/7.0.3/Applications/846DCE58-D531-450E-BD9C-C688BF486EBD/Sales.app/www/index.html
2014-04-03 11:30:46.187 Sales[17685:a0b] Multi-tasking -> Device: YES, App: YES
2014-04-03 11:30:46.193 Sales[17685:a0b] Unlimited access to network resources
2014-04-03 11:30:46.208 Sales[17685:a0b] [CDVTimer][nativetransitions] 0.039041ms
2014-04-03 11:30:46.208 Sales[17685:a0b] [CDVTimer][TotalPluginStartup] 0.414014ms
2014-04-03 11:30:46.239 Sales[17685:a0b] Resetting plugins due to page load.
2014-04-03 11:30:46.285 Sales[17685:a0b] Finished load of: file:///Users/admin/Library/Application%20Support/iPhone%20Simulator/7.0.3/Applications/846DCE58-D531-450E-BD9C-C688BF486EBD/Sales.app/www/index.html
2014-04-03 11:30:52.430 Sales[17762:a0b] Multi-tasking -> Device: YES, App: YES
2014-04-03 11:30:52.436 Sales[17762:a0b] Unlimited access to network resources
2014-04-03 11:30:52.451 Sales[17762:a0b] [CDVTimer][nativetransitions] 0.037968ms
2014-04-03 11:30:52.451 Sales[17762:a0b] [CDVTimer][TotalPluginStartup] 0.443995ms
2014-04-03 11:30:52.524 Sales[17762:a0b] Resetting plugins due to page load.
2014-04-03 11:30:52.568 Sales[17762:a0b] Finished load of: file:///Users/admin/Library/Application%20Support/iPhone%20Simulator/7.0.3/Applications/846DCE58-D531-450E-BD9C-C688BF486EBD/Sales.app/www/index.html
2014-04-03 11:31:12.500 Sales[17843:a0b] Multi-tasking -> Device: YES, App: YES
2014-04-03 11:31:12.506 Sales[17843:a0b] Unlimited access to network resources
2014-04-03 11:31:12.521 Sales[17843:a0b] [CDVTimer][nativetransitions] 0.039995ms
2014-04-03 11:31:12.521 Sales[17843:a0b] [CDVTimer][TotalPluginStartup] 0.685990ms
2014-04-03 11:31:12.591 Sales[17843:a0b] Resetting plugins due to page load.
2014-04-03 11:31:12.636 Sales[17843:a0b] Finished load of: file:///Users/admin/Library/Application%20Support/iPhone%20Simulator/7.0.3/Applications/846DCE58-D531-450E-BD9C-C688BF486EBD/Sales.app/www/index.html
2014-04-03 11:32:04.966 Sales[17941:a0b] Multi-tasking -> Device: YES, App: YES
2014-04-03 11:32:04.972 Sales[17941:a0b] Unlimited access to network resources
2014-04-03 11:32:04.987 Sales[17941:a0b] [CDVTimer][nativetransitions] 0.041008ms
2014-04-03 11:32:04.988 Sales[17941:a0b] [CDVTimer][TotalPluginStartup] 0.607014ms
2014-04-03 11:32:05.063 Sales[17941:a0b] Resetting plugins due to page load.
2014-04-03 11:32:05.108 Sales[17941:a0b] Finished load of: file:///Users/admin/Library/Application%20Support/iPhone%20Simulator/7.0.3/Applications/846DCE58-D531-450E-BD9C-C688BF486EBD/Sales.app/www/index.html
2014-04-03 11:36:34.593 Sales[18129:a0b] Multi-tasking -> Device: YES, App: YES
2014-04-03 11:36:34.599 Sales[18129:a0b] Unlimited access to network resources
2014-04-03 11:36:34.615 Sales[18129:a0b] [CDVTimer][nativetransitions] 0.043988ms
2014-04-03 11:36:34.615 Sales[18129:a0b] [CDVTimer][TotalPluginStartup] 0.669003ms
2014-04-03 11:36:34.688 Sales[18129:a0b] Resetting plugins due to page load.
2014-04-03 11:36:34.732 Sales[18129:a0b] Finished load of: file:///Users/admin/Library/Application%20Support/iPhone%20Simulator/7.0.3/Applications/846DCE58-D531-450E-BD9C-C688BF486EBD/Sales.app/www/index.html
2014-04-03 11:37:26.301 Sales[18277:a0b] Multi-tasking -> Device: YES, App: YES
2014-04-03 11:37:26.306 Sales[18277:a0b] Unlimited access to network resources
2014-04-03 11:37:26.321 Sales[18277:a0b] [CDVTimer][nativetransitions] 0.036955ms
2014-04-03 11:37:26.321 Sales[18277:a0b] [CDVTimer][TotalPluginStartup] 0.719011ms
2014-04-03 11:37:26.351 Sales[18277:a0b] Resetting plugins due to page load.
2014-04-03 11:37:26.394 Sales[18277:a0b] Finished load of: file:///Users/admin/Library/Application%20Support/iPhone%20Simulator/7.0.3/Applications/846DCE58-D531-450E-BD9C-C688BF486EBD/Sales.app/www/index.html
2014-04-03 11:37:52.406 Sales[18362:a0b] Multi-tasking -> Device: YES, App: YES
2014-04-03 11:37:52.413 Sales[18362:a0b] Unlimited access to network resources
2014-04-03 11:37:52.428 Sales[18362:a0b] [CDVTimer][nativetransitions] 0.044048ms
2014-04-03 11:37:52.429 Sales[18362:a0b] [CDVTimer][TotalPluginStartup] 0.582993ms
2014-04-03 11:37:52.528 Sales[18362:a0b] Resetting plugins due to page load.
2014-04-03 11:37:52.572 Sales[18362:a0b] Finished load of: file:///Users/admin/Library/Application%20Support/iPhone%20Simulator/7.0.3/Applications/A3B12552-4695-46C5-AB3C-BFA9631A63F0/Sales.app/www/index.html
2014-04-03 11:38:32.302 Sales[18453:a0b] Multi-tasking -> Device: YES, App: YES
2014-04-03 11:38:32.307 Sales[18453:a0b] Unlimited access to network resources
2014-04-03 11:38:32.322 Sales[18453:a0b] [CDVTimer][nativetransitions] 0.037014ms
2014-04-03 11:38:32.323 Sales[18453:a0b] [CDVTimer][TotalPluginStartup] 0.670969ms
2014-04-03 11:38:32.404 Sales[18453:a0b] Resetting plugins due to page load.
2014-04-03 11:38:32.448 Sales[18453:a0b] Finished load of: file:///Users/admin/Library/Application%20Support/iPhone%20Simulator/7.0.3/Applications/A3B12552-4695-46C5-AB3C-BFA9631A63F0/Sales.app/www/index.html
2014-04-03 11:39:06.021 Sales[18540:a0b] Multi-tasking -> Device: YES, App: YES
2014-04-03 11:39:06.027 Sales[18540:a0b] Unlimited access to network resources
2014-04-03 11:39:06.042 Sales[18540:a0b] [CDVTimer][nativetransitions] 0.042021ms
2014-04-03 11:39:06.043 Sales[18540:a0b] [CDVTimer][TotalPluginStartup] 0.524998ms
2014-04-03 11:39:06.081 Sales[18540:a0b] Resetting plugins due to page load.
2014-04-03 11:39:06.124 Sales[18540:a0b] Finished load of: file:///Users/admin/Library/Application%20Support/iPhone%20Simulator/7.0.3/Applications/A3B12552-4695-46C5-AB3C-BFA9631A63F0/Sales.app/www/index.html
2014-04-03 11:39:13.386 Sales[18617:a0b] Multi-tasking -> Device: YES, App: YES
2014-04-03 11:39:13.392 Sales[18617:a0b] Unlimited access to network resources
2014-04-03 11:39:13.406 Sales[18617:a0b] [CDVTimer][nativetransitions] 0.042975ms
2014-04-03 11:39:13.407 Sales[18617:a0b] [CDVTimer][TotalPluginStartup] 0.697017ms
2014-04-03 11:39:13.490 Sales[18617:a0b] Resetting plugins due to page load.
2014-04-03 11:39:13.536 Sales[18617:a0b] Finished load of: file:///Users/admin/Library/Application%20Support/iPhone%20Simulator/7.0.3/Applications/A3B12552-4695-46C5-AB3C-BFA9631A63F0/Sales.app/www/index.html
2014-04-03 11:39:52.686 Sales[18706:a0b] Multi-tasking -> Device: YES, App: YES
2014-04-03 11:39:52.691 Sales[18706:a0b] Unlimited access to network resources
2014-04-03 11:39:52.706 Sales[18706:a0b] [CDVTimer][nativetransitions] 0.045002ms
2014-04-03 11:39:52.707 Sales[18706:a0b] [CDVTimer][TotalPluginStartup] 0.698984ms
2014-04-03 11:39:52.789 Sales[18706:a0b] Resetting plugins due to page load.
2014-04-03 11:39:52.834 Sales[18706:a0b] Finished load of: file:///Users/admin/Library/Application%20Support/iPhone%20Simulator/7.0.3/Applications/A3B12552-4695-46C5-AB3C-BFA9631A63F0/Sales.app/www/index.html
2014-04-03 11:42:17.045 Sales[18847:a0b] Multi-tasking -> Device: YES, App: YES
2014-04-03 11:42:17.051 Sales[18847:a0b] Unlimited access to network resources
2014-04-03 11:42:17.066 Sales[18847:a0b] [CDVTimer][nativetransitions] 0.045002ms
2014-04-03 11:42:17.066 Sales[18847:a0b] [CDVTimer][TotalPluginStartup] 0.469983ms
2014-04-03 11:42:17.149 Sales[18847:a0b] Resetting plugins due to page load.
2014-04-03 11:42:17.202 Sales[18847:a0b] Finished load of: file:///Users/admin/Library/Application%20Support/iPhone%20Simulator/7.0.3/Applications/A3B12552-4695-46C5-AB3C-BFA9631A63F0/Sales.app/www/index.html
2014-04-03 11:42:52.793 Sales[18938:a0b] Multi-tasking -> Device: YES, App: YES
2014-04-03 11:42:52.798 Sales[18938:a0b] Unlimited access to network resources
2014-04-03 11:42:52.813 Sales[18938:a0b] [CDVTimer][nativetransitions] 0.039041ms
2014-04-03 11:42:52.814 Sales[18938:a0b] [CDVTimer][TotalPluginStartup] 0.586033ms
2014-04-03 11:42:52.897 Sales[18938:a0b] Resetting plugins due to page load.
2014-04-03 11:42:52.948 Sales[18938:a0b] Finished load of: file:///Users/admin/Library/Application%20Support/iPhone%20Simulator/7.0.3/Applications/A3B12552-4695-46C5-AB3C-BFA9631A63F0/Sales.app/www/index.html
2014-04-03 11:43:20.629 Sales[19025:a0b] Multi-tasking -> Device: YES, App: YES
2014-04-03 11:43:20.635 Sales[19025:a0b] Unlimited access to network resources
2014-04-03 11:43:20.649 Sales[19025:a0b] [CDVTimer][nativetransitions] 0.038981ms
2014-04-03 11:43:20.650 Sales[19025:a0b] [CDVTimer][TotalPluginStartup] 0.602961ms
2014-04-03 11:43:20.729 Sales[19025:a0b] Resetting plugins due to page load.
2014-04-03 11:43:20.780 Sales[19025:a0b] Finished load of: file:///Users/admin/Library/Application%20Support/iPhone%20Simulator/7.0.3/Applications/A3B12552-4695-46C5-AB3C-BFA9631A63F0/Sales.app/www/index.html
2014-04-03 11:43:49.571 Sales[19108:a0b] Multi-tasking -> Device: YES, App: YES
2014-04-03 11:43:49.577 Sales[19108:a0b] Unlimited access to network resources
2014-04-03 11:43:49.592 Sales[19108:a0b] [CDVTimer][nativetransitions] 0.038028ms
2014-04-03 11:43:49.593 Sales[19108:a0b] [CDVTimer][TotalPluginStartup] 0.670969ms
2014-04-03 11:43:49.673 Sales[19108:a0b] Resetting plugins due to page load.
2014-04-03 11:43:49.725 Sales[19108:a0b] Finished load of: file:///Users/admin/Library/Application%20Support/iPhone%20Simulator/7.0.3/Applications/A3B12552-4695-46C5-AB3C-BFA9631A63F0/Sales.app/www/index.html
2014-04-03 11:56:26.733 Sales[19762:a0b] Multi-tasking -> Device: YES, App: YES
2014-04-03 11:56:26.738 Sales[19762:a0b] Unlimited access to network resources
2014-04-03 11:56:26.754 Sales[19762:a0b] [CDVTimer][nativetransitions] 0.037968ms
2014-04-03 11:56:26.755 Sales[19762:a0b] [CDVTimer][TotalPluginStartup] 0.431955ms
2014-04-03 11:56:26.822 Sales[19762:a0b] Resetting plugins due to page load.
2014-04-03 11:56:26.874 Sales[19762:a0b] Finished load of: file:///Users/admin/Library/Application%20Support/iPhone%20Simulator/7.0.3/Applications/A3B12552-4695-46C5-AB3C-BFA9631A63F0/Sales.app/www/index.html
2014-04-03 12:16:59.407 Sales[20808:a0b] Multi-tasking -> Device: YES, App: YES
2014-04-03 12:16:59.413 Sales[20808:a0b] Unlimited access to network resources
2014-04-03 12:16:59.476 Sales[20808:a0b] Resetting plugins due to page load.
2014-04-03 12:16:59.621 Sales[20808:a0b] Finished load of: file:///Users/admin/Library/Application%20Support/iPhone%20Simulator/7.0.3/Applications/A3B12552-4695-46C5-AB3C-BFA9631A63F0/Sales.app/www/index.html
2014-04-03 12:17:18.797 Sales[20894:a0b] Multi-tasking -> Device: YES, App: YES
2014-04-03 12:17:18.803 Sales[20894:a0b] Unlimited access to network resources
2014-04-03 12:17:18.903 Sales[20894:a0b] Resetting plugins due to page load.
2014-04-03 12:17:19.018 Sales[20894:a0b] Finished load of: file:///Users/admin/Library/Application%20Support/iPhone%20Simulator/7.0.3/Applications/A3B12552-4695-46C5-AB3C-BFA9631A63F0/Sales.app/www/index.html
2014-04-03 12:19:07.655 Sales[21017:a0b] Multi-tasking -> Device: YES, App: YES
2014-04-03 12:19:07.661 Sales[21017:a0b] Unlimited access to network resources
2014-04-03 12:19:07.705 Sales[21017:a0b] Resetting plugins due to page load.
2014-04-03 12:19:07.788 Sales[21017:a0b] Finished load of: file:///Users/admin/Library/Application%20Support/iPhone%20Simulator/7.0.3/Applications/A3B12552-4695-46C5-AB3C-BFA9631A63F0/Sales.app/www/index.html
2014-04-03 12:19:14.567 Sales[21093:a0b] Multi-tasking -> Device: YES, App: YES
2014-04-03 12:19:14.573 Sales[21093:a0b] Unlimited access to network resources
2014-04-03 12:19:14.673 Sales[21093:a0b] Resetting plugins due to page load.
2014-04-03 12:19:14.763 Sales[21093:a0b] Finished load of: file:///Users/admin/Library/Application%20Support/iPhone%20Simulator/7.0.3/Applications/A3B12552-4695-46C5-AB3C-BFA9631A63F0/Sales.app/www/index.html
2014-04-03 12:19:24.958 Sales[21172:a0b] Multi-tasking -> Device: YES, App: YES
2014-04-03 12:19:24.964 Sales[21172:a0b] Unlimited access to network resources
2014-04-03 12:19:25.008 Sales[21172:a0b] Resetting plugins due to page load.
2014-04-03 12:19:25.126 Sales[21172:a0b] Finished load of: file:///Users/admin/Library/Application%20Support/iPhone%20Simulator/7.0.3/Applications/A3B12552-4695-46C5-AB3C-BFA9631A63F0/Sales.app/www/index.html
